<?xml version="1.0" encoding="UTF-8"?>
<!-- Generated by org.testng.reporters.JUnitXMLReporter -->
<testsuite ignored="0" hostname="DESKTOP-ROBCICH" failures="0" tests="9" name="Default test" time="2.557" errors="0" timestamp="2024-07-10T14:39:48 IST">
  <testcase classname="com.saucedemo.testcases.TestLoginPage" name="TestVerifyLogin" time="0.259"/>
  <testcase classname="com.saucedemo.testcases.TestLoginPage" name="TestClickProducts" time="0.102"/>
  <testcase classname="com.saucedemo.testcases.TestLoginPage" name="TestClickProducts" time="0.052"/>
  <testcase classname="com.saucedemo.testcases.TestLoginPage" name="TestClickProducts" time="0.053"/>
  <testcase classname="com.saucedemo.testcases.TestLoginPage" name="TestClickCartButton" time="0.105"/>
  <testcase classname="com.saucedemo.testcases.TestLoginPage" name="TestClickCheckOutButton" time="0.043"/>
  <testcase classname="com.saucedemo.testcases.TestLoginPage" name="GenerateRandomUser" time="0.57"/>
  <testcase classname="com.saucedemo.testcases.TestLoginPage" name="ClickOnFinishButton" time="1.277"/>
  <testcase classname="com.saucedemo.testcases.TestLoginPage" name="HompPage" time="0.017"/>
</testsuite> <!-- Default test -->
